21/Dec/2020 15:53:38,508- Login_logout: Korisnik sa emailom filip@mailinator.com je uspesno ulogovan!
21/Dec/2020 15:53:38,720- Login_logout: Successfully logged out and login page is displayed
21/Dec/2020 15:53:38,720- Login_logout: *********************************************************************************************
21/Dec/2020 15:54:06,272- Login_logout: Korisnik sa emailom filip@mailinator.com je uspesno ulogovan!
21/Dec/2020 15:54:06,495- Login_logout: Successfully logged out and login page is displayed
21/Dec/2020 15:54:06,495- Login_logout: *********************************************************************************************
21/Dec/2020 15:54:27,860- ForgotPasswordValidationChecks: Forgot password page is opened
21/Dec/2020 15:54:27,954- ForgotPasswordValidationChecks: Email validation correct: Email address can't be blank
21/Dec/2020 15:54:28,111- ForgotPasswordValidationChecks: Email validation correct: Email must be a valid email address.
21/Dec/2020 15:54:30,116- ForgotPasswordValidationChecks: The given data was invalid.
21/Dec/2020 15:54:30,116- ForgotPasswordValidationChecks: *********************************************************************************************
21/Dec/2020 15:55:20,954- Login: Korisnik sa emailom filip@mailinator.com je uspesno ulogovan!
21/Dec/2020 15:55:33,104- GetInspiredDurationFilter: Before clicking on duration filter we have 0 displayed videos
21/Dec/2020 15:55:37,352- GetInspiredDurationFilter: No results after selecting first option 'Short <15s' 
21/Dec/2020 15:56:00,659- GetInspiredDurationFilter: After clicking Medium 15-30s option 0 videos are displayed
21/Dec/2020 15:56:03,837- GetInspiredDurationFilter: No results after selecting third option 'Long >30s' 
21/Dec/2020 15:56:03,941- GetInspiredDurationFilter: *********************************************************************
21/Dec/2020 15:56:14,992- GetInspiredNumberOfPhotosFilter: Before clicking on number of photos filter we have 0 displayed videos
21/Dec/2020 15:56:39,271- GetInspiredNumberOfPhotosFilter: After clicking <10 option 0 videos are displayed
21/Dec/2020 15:56:42,430- GetInspiredNumberOfPhotosFilter: No results after selecting second option '10-20' 
21/Dec/2020 15:56:45,596- GetInspiredNumberOfPhotosFilter: No results after selecting third option '>20' 
21/Dec/2020 15:56:45,696- GetInspiredNumberOfPhotosFilter: *********************************************************************
21/Dec/2020 15:56:56,752- GetInspiredMoodFilter: Before clicking on mood filter we have 0 displayed videos
21/Dec/2020 15:57:00,985- GetInspiredMoodFilter: No results after selecting first mood option possimus
21/Dec/2020 16:00:25,790- Login: Korisnik sa emailom filip@mailinator.com je uspesno ulogovan!
21/Dec/2020 16:00:37,951- GetInspiredDurationFilter: Before clicking on duration filter we have 0 displayed videos
21/Dec/2020 16:00:42,211- GetInspiredDurationFilter: No results after selecting first option 'Short <15s' 
21/Dec/2020 16:01:05,573- GetInspiredDurationFilter: After clicking Medium 15-30s option 0 videos are displayed
21/Dec/2020 16:01:08,761- GetInspiredDurationFilter: No results after selecting third option 'Long >30s' 
21/Dec/2020 16:01:08,866- GetInspiredDurationFilter: *********************************************************************
21/Dec/2020 16:02:58,475- Login: Korisnik sa emailom filip@mailinator.com je uspesno ulogovan!
21/Dec/2020 16:03:10,622- GetInspiredDurationFilter: Before clicking on duration filter we have 0 displayed videos
21/Dec/2020 16:03:14,898- GetInspiredDurationFilter: No results after selecting first option 'Short <15s' 
21/Dec/2020 16:05:33,011- Login: Korisnik sa emailom filip@mailinator.com je uspesno ulogovan!
21/Dec/2020 16:05:35,125- GetInspiredDurationFilter: Before clicking on duration filter we have 2 displayed videos
21/Dec/2020 16:05:39,374- GetInspiredDurationFilter: No results after selecting first option 'Short <15s' 
21/Dec/2020 16:05:52,607- GetInspiredDurationFilter: After clicking Medium 15-30s option 2 videos are displayed
21/Dec/2020 16:05:55,796- GetInspiredDurationFilter: No results after selecting third option 'Long >30s' 
21/Dec/2020 16:05:55,887- GetInspiredDurationFilter: *********************************************************************
21/Dec/2020 16:06:47,070- Login: Korisnik sa emailom filip@mailinator.com je uspesno ulogovan!
21/Dec/2020 16:06:49,181- GetInspiredDurationFilter: Before clicking on duration filter we have 2 displayed videos
21/Dec/2020 16:06:53,392- GetInspiredDurationFilter: No results after selecting first option 'Short <15s' 
21/Dec/2020 16:07:06,658- GetInspiredDurationFilter: After clicking Medium 15-30s option 2 videos are displayed
21/Dec/2020 16:07:09,847- GetInspiredDurationFilter: No results after selecting third option 'Long >30s' 
21/Dec/2020 16:07:09,945- GetInspiredDurationFilter: *********************************************************************
21/Dec/2020 16:07:11,525- GetInspiredNumberOfPhotosFilter: Before clicking on number of photos filter we have 2 displayed videos
21/Dec/2020 16:07:25,807- GetInspiredNumberOfPhotosFilter: After clicking <10 option 2 videos are displayed
21/Dec/2020 16:07:28,977- GetInspiredNumberOfPhotosFilter: No results after selecting second option '10-20' 
21/Dec/2020 16:07:32,180- GetInspiredNumberOfPhotosFilter: No results after selecting third option '>20' 
21/Dec/2020 16:07:32,285- GetInspiredNumberOfPhotosFilter: *********************************************************************
21/Dec/2020 16:07:33,962- GetInspiredMoodFilter: Before clicking on mood filter we have 2 displayed videos
21/Dec/2020 16:07:38,217- GetInspiredMoodFilter: No results after selecting first mood option possimus
21/Dec/2020 16:07:51,517- GetInspiredMoodFilter: After clicking deleniti option 1 videos are displayed
21/Dec/2020 16:08:04,783- GetInspiredMoodFilter: After clicking incidunt option 1 videos are displayed
21/Dec/2020 16:08:04,860- GetInspiredMoodFilter: *********************************************************************
21/Dec/2020 16:08:06,592- GetInspiredSpeedsFilter: Before clicking on speeds filter we have 2 displayed videos
21/Dec/2020 16:08:20,833- GetInspiredSpeedsFilter: After clicking Fast option 1 videos are displayed
21/Dec/2020 16:08:34,079- GetInspiredSpeedsFilter: After clicking Normal option 1 videos are displayed
21/Dec/2020 16:08:47,317- GetInspiredSpeedsFilter: After clicking Slow option 1 videos are displayed
21/Dec/2020 16:08:49,118- GetInspiredRandomAllFilters: Before clicking on filters we have: 2 videos
21/Dec/2020 16:08:51,261- GetInspiredRandomAllFilters: Medium (15-30s) opcija je izabrana
21/Dec/2020 16:08:51,380- GetInspiredRandomAllFilters: 10-20 opcija je izabrana
21/Dec/2020 16:08:51,488- GetInspiredRandomAllFilters: incidunt opcija je izabrana
21/Dec/2020 16:08:51,589- GetInspiredRandomAllFilters: Normal opcija je izabrana
21/Dec/2020 16:08:52,369- GetInspiredRandomAllFilters: No results after selecting this filters
21/Dec/2020 16:08:52,369- GetInspiredRandomAllFilters: ******************************************************************************************
21/Dec/2020 17:06:00,842- Login: Korisnik nije ulogovan
21/Dec/2020 17:06:03,509- GetInspiredSearchBar: Na stranici je prikazano 2 template-a pre search-a
21/Dec/2020 17:06:05,630- GetInspiredSearchBar: Nakon unosa aaa u search bar: No result found
Try adjusting your search to find what you're looking for
21/Dec/2020 17:06:18,602- GetInspiredSearchBar: Nakon unosa test u search bar, filtirano je: 0 results for test , dok je na stranici prikazano 0 template-a
21/Dec/2020 17:06:33,634- GetInspiredSearchBar: Na stranici je prikazano 0 template-a pre load more templates
21/Dec/2020 17:06:43,665- GetInspiredSearchBar: No more load templates button
21/Dec/2020 17:06:43,665- GetInspiredSearchBar: *********************************************************************************************
21/Dec/2020 17:08:25,788- Login: Korisnik sa emailom filip@mailinator.com je uspesno ulogovan!
21/Dec/2020 17:08:38,057- GetInspiredSearchBar: Na stranici je prikazano 0 template-a pre search-a
21/Dec/2020 17:09:06,551- GetInspiredSearchBar: Na stranici je prikazano 0 template-a pre load more templates
21/Dec/2020 17:09:19,670- GetInspiredSearchBar: Na stranici je prikazano 0 template-a nakon load more templates
21/Dec/2020 17:09:29,730- GetInspiredSearchBar: No more load templates button
21/Dec/2020 17:09:29,730- GetInspiredSearchBar: *********************************************************************************************
21/Dec/2020 17:11:14,219- Login: Korisnik sa emailom filip@mailinator.com je uspesno ulogovan!
21/Dec/2020 17:11:16,332- GetInspiredNewestAndPopularFilter: Na stranici je prikazano 2 template-a dok je Newest selektovan
21/Dec/2020 17:11:17,108- GetInspiredNewestAndPopularFilter: No results after selecting Popular option 
21/Dec/2020 17:11:17,108- GetInspiredNewestAndPopularFilter: *********************************************************************************************
21/Dec/2020 17:12:02,259- Login: Korisnik sa emailom filip@mailinator.com je uspesno ulogovan!
21/Dec/2020 17:12:14,503- GetInspiredNewestAndPopularFilter: Na stranici je prikazano 0 template-a dok je Newest selektovan
21/Dec/2020 17:12:34,717- GetInspiredNewestAndPopularFilter: After clicking Popular option 0 videos are displayed
21/Dec/2020 17:12:34,717- GetInspiredNewestAndPopularFilter: *********************************************************************************************
21/Dec/2020 17:14:53,959- Login: Korisnik sa emailom filip@mailinator.com je uspesno ulogovan!
21/Dec/2020 17:14:56,191- GetInspiredDurationFilter: Before clicking on duration filter we have 16 displayed videos
21/Dec/2020 17:15:00,392- GetInspiredDurationFilter: No results after selecting first option 'Short <15s' 
21/Dec/2020 17:15:13,693- GetInspiredDurationFilter: After clicking Medium 15-30s option 16 videos are displayed
21/Dec/2020 17:15:16,969- GetInspiredDurationFilter: No results after selecting third option 'Long >30s' 
21/Dec/2020 17:15:17,075- GetInspiredDurationFilter: *********************************************************************
21/Dec/2020 17:15:18,779- GetInspiredNumberOfPhotosFilter: Before clicking on number of photos filter we have 16 displayed videos
21/Dec/2020 17:15:33,088- GetInspiredNumberOfPhotosFilter: After clicking <10 option 16 videos are displayed
21/Dec/2020 17:15:36,294- GetInspiredNumberOfPhotosFilter: No results after selecting second option '10-20' 
21/Dec/2020 17:15:39,506- GetInspiredNumberOfPhotosFilter: No results after selecting third option '>20' 
21/Dec/2020 17:15:39,600- GetInspiredNumberOfPhotosFilter: *********************************************************************
21/Dec/2020 17:15:41,432- GetInspiredMoodFilter: Before clicking on mood filter we have 16 displayed videos
21/Dec/2020 17:15:46,710- GetInspiredMoodFilter: No results after selecting first mood option possimus
21/Dec/2020 17:16:00,060- GetInspiredMoodFilter: After clicking deleniti option 5 videos are displayed
21/Dec/2020 17:16:13,452- GetInspiredMoodFilter: After clicking incidunt option 16 videos are displayed
21/Dec/2020 17:16:13,560- GetInspiredMoodFilter: *********************************************************************
21/Dec/2020 17:16:15,435- GetInspiredSpeedsFilter: Before clicking on speeds filter we have 16 displayed videos
21/Dec/2020 17:16:29,747- GetInspiredSpeedsFilter: After clicking Fast option 16 videos are displayed
21/Dec/2020 17:16:43,086- GetInspiredSpeedsFilter: After clicking Normal option 5 videos are displayed
21/Dec/2020 17:16:56,378- GetInspiredSpeedsFilter: After clicking Slow option 5 videos are displayed
21/Dec/2020 17:16:56,452- GetInspiredSpeedsFilter: *******************************************
21/Dec/2020 17:16:58,263- GetInspiredRandomAllFilters: Before clicking on filters we have: 16 videos
21/Dec/2020 17:17:00,405- GetInspiredRandomAllFilters: Long (>30s) opcija je izabrana
21/Dec/2020 17:17:00,556- GetInspiredRandomAllFilters: > 20 opcija je izabrana
21/Dec/2020 17:17:00,675- GetInspiredRandomAllFilters: sed opcija je izabrana
21/Dec/2020 17:17:00,786- GetInspiredRandomAllFilters: Normal opcija je izabrana
21/Dec/2020 17:17:01,663- GetInspiredRandomAllFilters: No results after selecting this filters
21/Dec/2020 17:17:01,663- GetInspiredRandomAllFilters: ******************************************************************************************
21/Dec/2020 17:17:18,456- Login: Korisnik sa emailom filip@mailinator.com je uspesno ulogovan!
21/Dec/2020 17:17:20,686- GetInspiredNewestAndPopularFilter: Na stranici je prikazano 16 template-a dok je Newest selektovan
21/Dec/2020 17:17:30,861- GetInspiredNewestAndPopularFilter: After clicking Popular option 16 videos are displayed
21/Dec/2020 17:17:30,861- GetInspiredNewestAndPopularFilter: *********************************************************************************************
21/Dec/2020 17:17:44,619- Login: Korisnik sa emailom filip@mailinator.com je uspesno ulogovan!
21/Dec/2020 17:17:46,834- GetInspiredSearchBar: Na stranici je prikazano 16 template-a pre search-a
21/Dec/2020 17:17:48,974- GetInspiredSearchBar: Nakon unosa aaa u search bar: No result found
Try adjusting your search to find what you're looking for
21/Dec/2020 17:18:05,227- GetInspiredSearchBar: Na stranici je prikazano 0 template-a pre load more templates
21/Dec/2020 17:18:15,270- GetInspiredSearchBar: No more load templates button
21/Dec/2020 17:18:15,271- GetInspiredSearchBar: *********************************************************************************************
21/Dec/2020 17:19:00,756- Login: Korisnik sa emailom filip@mailinator.com je uspesno ulogovan!
21/Dec/2020 17:19:02,988- GetInspiredSearchBar: Na stranici je prikazano 16 template-a pre search-a
21/Dec/2020 17:19:05,123- GetInspiredSearchBar: Nakon unosa aaa u search bar: No result found
Try adjusting your search to find what you're looking for
21/Dec/2020 17:19:08,152- GetInspiredSearchBar: Nakon unosa test u search bar, filtirano je: 19 results for test , dok je na stranici prikazano 16 template-a
21/Dec/2020 17:19:13,170- GetInspiredSearchBar: Na stranici je prikazano 16 template-a pre load more templates
21/Dec/2020 17:19:16,262- GetInspiredSearchBar: Na stranici je prikazano 19 template-a nakon load more templates
21/Dec/2020 17:19:26,324- GetInspiredSearchBar: No more load templates button
21/Dec/2020 17:19:26,325- GetInspiredSearchBar: *********************************************************************************************
21/Dec/2020 17:19:45,512- Login_logout: Korisnik sa emailom filip@mailinator.com je uspesno ulogovan!
21/Dec/2020 17:19:45,750- Login_logout: Successfully logged out and login page is displayed
21/Dec/2020 17:19:45,750- Login_logout: *********************************************************************************************
21/Dec/2020 17:21:15,920- LoginPageLinksCheck: Total number of WebPage links present on webpage is 3
21/Dec/2020 17:21:15,940- LoginPageLinksCheck: Total number of Image links present on webpage is 3
21/Dec/2020 17:21:16,668- LoginPageLinksCheck: Connection Status for URL https://pyp.stage.ggstud.io/ is 200
21/Dec/2020 17:21:17,138- LoginPageLinksCheck: Connection Status for URL https://pyp.stage.ggstud.io/register is 200
21/Dec/2020 17:21:17,602- LoginPageLinksCheck: Connection Status for URL https://pyp.stage.ggstud.io/forgot-password is 200
21/Dec/2020 17:21:17,637- LoginPageLinksCheck: *********************************************************************************************
21/Dec/2020 17:21:35,670- LoginValidationChecks: Email validation correct: Email address can't be blank
21/Dec/2020 17:21:35,722- LoginValidationChecks: Password validation correct: Password can’t be blank
21/Dec/2020 17:21:36,008- LoginValidationChecks: Email validation correct: Email must be a valid email address.
21/Dec/2020 17:21:36,256- LoginValidationChecks: Password validation correct: Password must have at least 6 characters
21/Dec/2020 17:21:37,104- LoginValidationChecks: We couldn't find an account matching the username and password you entered. Please check your username and password and try again.
21/Dec/2020 17:21:37,104- LoginValidationChecks: *********************************************************************************************
21/Dec/2020 17:31:50,002- Login: Korisnik sa emailom filip@mailinator.com je uspesno ulogovan!
21/Dec/2020 17:31:50,980- MyFavoritesPreview: Na Favorite stranici je prikazano 1 media
21/Dec/2020 17:31:51,004- MyFavoritesPreview: My Favorites 1
21/Dec/2020 17:32:02,473- MyFavoritesPreview: Na Favorite stranici je prikazano 0 media
21/Dec/2020 17:32:32,120- Login: Korisnik sa emailom filip@mailinator.com je uspesno ulogovan!
21/Dec/2020 17:32:42,897- MyFavoritesPreview: Na Favorite stranici je prikazano 0 media
21/Dec/2020 17:34:00,182- Login: Korisnik sa emailom filip@mailinator.com je uspesno ulogovan!
21/Dec/2020 17:34:01,125- MyFavoritesPreview: Na Favorite stranici je prikazano 1 media
21/Dec/2020 17:34:01,149- MyFavoritesPreview: My Favorites 1
21/Dec/2020 17:34:02,794- MyFavoritesPreview: Na Favorite stranici je prikazano 2 media
21/Dec/2020 17:34:02,822- MyFavoritesPreview: My Favorites 2
21/Dec/2020 17:34:03,500- MyFavoritesPreview: All favorite media are deleted
21/Dec/2020 17:34:32,818- Login: Korisnik sa emailom filip@mailinator.com je uspesno ulogovan!
21/Dec/2020 17:34:33,788- MyFavoritesPreview: Na Favorite stranici je prikazano 1 media
21/Dec/2020 17:34:33,813- MyFavoritesPreview: My Favorites 1
21/Dec/2020 17:34:35,427- MyFavoritesPreview: Na Favorite stranici je prikazano 2 media
21/Dec/2020 17:34:35,451- MyFavoritesPreview: My Favorites 2
21/Dec/2020 17:34:35,969- MyFavoritesPreview: All favorite media are deleted
21/Dec/2020 17:35:41,067- Login: Korisnik sa emailom filip@mailinator.com je uspesno ulogovan!
21/Dec/2020 17:35:51,226- MyFavoritesSearchBar: There is 2 media on page
21/Dec/2020 17:35:52,067- MyFavoritesSearchBar: After searching logo there is 2 media
21/Dec/2020 17:35:52,095- MyFavoritesSearchBar: 2 results for logo
21/Dec/2020 17:36:02,191- MyFavoritesSearchBar: After searching abcd there is 0 media
21/Dec/2020 17:36:02,213- MyFavoritesSearchBar: 0 results for abcd
21/Dec/2020 17:36:51,111- Login: Korisnik sa emailom filip@mailinator.com je uspesno ulogovan!
21/Dec/2020 17:36:51,561- MyFavoritesSearchBar: There is no favorite media on page, need to select on template page
21/Dec/2020 17:37:11,711- MyFavoritesSearchBar: There is 0 media on page
21/Dec/2020 17:38:15,027- Login: Korisnik sa emailom filip@mailinator.com je uspesno ulogovan!
21/Dec/2020 17:38:15,593- MyFavoritesSearchBar: There is no favorite media on page, need to select on template page
21/Dec/2020 17:38:17,369- MyFavoritesSearchBar: After selection on template page there is 2 media
21/Dec/2020 17:38:18,214- MyFavoritesSearchBar: After searching logo there is 2 media
21/Dec/2020 17:38:18,242- MyFavoritesSearchBar: 2 results for logo
21/Dec/2020 17:38:28,391- MyFavoritesSearchBar: After searching abcd there is 0 media
21/Dec/2020 17:38:28,431- MyFavoritesSearchBar: 0 results for abcd
21/Dec/2020 17:39:50,768- Login: Korisnik sa emailom filip@mailinator.com je uspesno ulogovan!
21/Dec/2020 17:40:01,018- MyFavoritesVideoFormat: There is 2 media on page
21/Dec/2020 17:40:01,062- MyFavoritesVideoFormat: Video is in format 16:9 with Height: 246 and Width: 437
21/Dec/2020 17:40:03,187- MyFavoritesVideoFormat: Video is in format 1:1 with Height: 246 and Width: 437
21/Dec/2020 17:40:03,187- MyFavoritesVideoFormat: Video format is not correct!
21/Dec/2020 17:40:05,297- MyFavoritesVideoFormat: Video is in format 9:16 with Height: 219 and Width: 437
21/Dec/2020 17:40:05,297- MyFavoritesVideoFormat: Video format is not correct!
21/Dec/2020 17:40:05,297- MyFavoritesVideoFormat: *********************************************************************************************
21/Dec/2020 17:41:51,077- Login: Korisnik sa emailom filip@mailinator.com je uspesno ulogovan!
21/Dec/2020 17:41:53,324- MyFilesAddFiles: My Files Page successfully opened
21/Dec/2020 17:42:19,008- Login: Korisnik sa emailom filip@mailinator.com je uspesno ulogovan!
21/Dec/2020 17:42:21,219- MyFilesAddFiles: My Files Page successfully opened
21/Dec/2020 17:44:13,222- Login: Korisnik sa emailom filip@mailinator.com je uspesno ulogovan!
21/Dec/2020 17:44:13,474- MyProfileAccount: My Profile Page successfully opened
21/Dec/2020 17:44:14,166- MyProfileAccount: Account updated successfully
21/Dec/2020 17:44:15,262- MyProfileAccount: Crop Image successfully opened
21/Dec/2020 17:44:29,779- MyProfileAccount: Avatar picture successfully deleted
21/Dec/2020 17:44:32,145- MyProfileAccount: Crop Image successfully opened
21/Dec/2020 17:44:34,480- MyProfileAccount: *********************************************************************************************
21/Dec/2020 17:45:35,764- Login: Korisnik sa emailom filip@mailinator.com je uspesno ulogovan!
21/Dec/2020 17:45:36,001- MyProfileEmailNotification: My Profile Page successfully opened
21/Dec/2020 17:45:36,802- MyProfileEmailNotification: Email notification updated
21/Dec/2020 17:45:55,930- Login: Korisnik sa emailom filip@mailinator.com je uspesno ulogovan!
21/Dec/2020 17:45:56,166- MyProfilePasswordValidationChecks: My Profile Page successfully opened
21/Dec/2020 17:45:56,291- MyProfilePasswordValidationChecks: Password validation correct: Password can’t be blank
21/Dec/2020 17:45:56,350- MyProfilePasswordValidationChecks: New password validation correct: New password can’t be blank
21/Dec/2020 17:45:56,409- MyProfilePasswordValidationChecks: Confirm password validation correct: Password can’t be blank
21/Dec/2020 17:45:57,077- MyProfilePasswordValidationChecks: Old Password validation correct: The password is wrong.
21/Dec/2020 17:45:57,380- MyProfilePasswordValidationChecks: New Password validation correct: New password must have at least 6 characters
21/Dec/2020 17:45:57,681- MyProfilePasswordValidationChecks: Confirm Password validation correct: New passwords do not match. Please try again
21/Dec/2020 17:45:57,681- MyProfilePasswordValidationChecks: *********************************************************************************************
21/Dec/2020 17:46:16,486- Login: Korisnik sa emailom filip@mailinator.com je uspesno ulogovan!
21/Dec/2020 17:46:16,733- MyProfilePassword: My Profile Page successfully opened
21/Dec/2020 17:46:17,456- MyProfilePassword: Password updated successfully
21/Dec/2020 17:46:17,792- MyProfilePassword: Passwor return to old Password updated successfully
21/Dec/2020 17:46:17,793- MyProfilePassword: *********************************************************************************************
21/Dec/2020 17:46:26,355- Login: Korisnik sa emailom filip@mailinator.com je uspesno ulogovan!
21/Dec/2020 17:47:41,679- Login: Korisnik sa emailom filip@mailinator.com je uspesno ulogovan!
21/Dec/2020 17:47:43,903- MyFilesAddFiles: My Files Page successfully opened
21/Dec/2020 17:48:06,357- Login: Korisnik sa emailom filip@mailinator.com je uspesno ulogovan!
21/Dec/2020 17:48:08,570- MyFilesAddFiles: My Files Page successfully opened
21/Dec/2020 17:48:55,486- Login: Korisnik sa emailom filip@mailinator.com je uspesno ulogovan!
21/Dec/2020 17:48:57,716- MyFilesAddFiles: My Files Page successfully opened
21/Dec/2020 17:51:26,437- Login: Korisnik sa emailom filip@mailinator.com je uspesno ulogovan!
21/Dec/2020 17:51:28,654- MyFilesAddFiles: My Files Page successfully opened
21/Dec/2020 17:51:42,944- MyFilesAddFiles: Media is uploaded
21/Dec/2020 17:52:10,781- Login: Korisnik sa emailom filip@mailinator.com je uspesno ulogovan!
21/Dec/2020 17:52:13,018- MyFilesAddFiles: My Files Page successfully opened
21/Dec/2020 17:52:26,304- MyFilesAddFiles: Media is uploaded
21/Dec/2020 17:52:47,994- Login: Korisnik sa emailom filip@mailinator.com je uspesno ulogovan!
21/Dec/2020 17:52:50,260- MyFilesAddFiles: My Files Page successfully opened
21/Dec/2020 17:53:17,394- Login: Korisnik sa emailom filip@mailinator.com je uspesno ulogovan!
21/Dec/2020 17:53:19,628- MyFilesAddFiles: My Files Page successfully opened
21/Dec/2020 17:53:39,954- MyFilesAddFiles: Media is uploaded
21/Dec/2020 17:53:39,995- MyFilesAddFiles: Trenutno na All files (18) prikazano je 18 fajlova
21/Dec/2020 17:53:50,048- MyFilesAddFiles: Load more files button is not on page
21/Dec/2020 17:53:50,078- MyFilesAddFiles: Trenutno na All files (18) prikazano je 18 fajlova
21/Dec/2020 17:53:51,167- MyFilesAddFiles: Trenutno na Image (13) prikazano je 13 fajlova
21/Dec/2020 17:53:52,261- MyFilesAddFiles: Trenutno na Music (5) prikazano je 5 fajlova
21/Dec/2020 17:53:52,286- MyFilesAddFiles: Trenutno zauzece prostora je: Storage: 20.85MB of 512MB used
21/Dec/2020 17:53:52,287- MyFilesAddFiles: *************************************************************************
21/Dec/2020 17:53:59,346- Login: Korisnik sa emailom filip@mailinator.com je uspesno ulogovan!
21/Dec/2020 17:54:01,596- MyFilesAddFiles: My Files Page successfully opened
21/Dec/2020 17:54:21,973- MyFilesAddFiles: Media is uploaded
21/Dec/2020 17:54:22,023- MyFilesAddFiles: Trenutno na All files (22) prikazano je 18 fajlova
21/Dec/2020 17:54:38,192- MyFilesAddFiles: No more load files button
21/Dec/2020 17:54:38,237- MyFilesAddFiles: Trenutno na All files (22) prikazano je 22 fajlova
21/Dec/2020 17:54:39,339- MyFilesAddFiles: Trenutno na Image (16) prikazano je 16 fajlova
21/Dec/2020 17:54:40,424- MyFilesAddFiles: Trenutno na Music (6) prikazano je 6 fajlova
21/Dec/2020 17:54:40,451- MyFilesAddFiles: Trenutno zauzece prostora je: Storage: 24.21MB of 512MB used
21/Dec/2020 17:54:40,452- MyFilesAddFiles: *************************************************************************
21/Dec/2020 17:55:55,617- Login: Korisnik sa emailom filip@mailinator.com je uspesno ulogovan!
21/Dec/2020 17:55:57,840- MyFilesAddFiles: My Files Page successfully opened
21/Dec/2020 17:56:26,266- Login: Korisnik sa emailom filip@mailinator.com je uspesno ulogovan!
21/Dec/2020 17:56:28,509- MyFilesAddFiles: My Files Page successfully opened
21/Dec/2020 17:56:47,847- MyFilesAddFiles: Media is uploaded
21/Dec/2020 17:56:47,891- MyFilesAddFiles: Trenutno na All files (26) prikazano je 18 fajlova
21/Dec/2020 17:57:04,079- MyFilesAddFiles: No more load files button
21/Dec/2020 17:57:04,123- MyFilesAddFiles: Trenutno na All files (26) prikazano je 26 fajlova
21/Dec/2020 17:57:05,236- MyFilesAddFiles: Trenutno na Image (19) prikazano je 18 fajlova
21/Dec/2020 17:57:06,322- MyFilesAddFiles: Trenutno na Music (7) prikazano je 7 fajlova
21/Dec/2020 17:57:06,347- MyFilesAddFiles: Trenutno zauzece prostora je: Storage: 27.57MB of 512MB used
21/Dec/2020 17:57:06,347- MyFilesAddFiles: *************************************************************************
21/Dec/2020 17:57:13,577- Login: Korisnik sa emailom filip@mailinator.com je uspesno ulogovan!
21/Dec/2020 17:57:15,805- MyFilesAddFiles: My Files Page successfully opened
21/Dec/2020 17:57:35,148- MyFilesAddFiles: Media is uploaded
21/Dec/2020 17:57:35,179- MyFilesAddFiles: Trenutno na All files (30) prikazano je 18 fajlova
21/Dec/2020 17:57:51,322- MyFilesAddFiles: No more load files button
21/Dec/2020 17:57:51,349- MyFilesAddFiles: Trenutno na All files (30) prikazano je 30 fajlova
21/Dec/2020 17:57:52,456- MyFilesAddFiles: Trenutno na Image (22) prikazano je 18 fajlova
21/Dec/2020 17:57:53,542- MyFilesAddFiles: Trenutno na Music (8) prikazano je 8 fajlova
21/Dec/2020 17:57:53,569- MyFilesAddFiles: Trenutno zauzece prostora je: Storage: 30.93MB of 512MB used
21/Dec/2020 17:57:53,570- MyFilesAddFiles: *************************************************************************
21/Dec/2020 17:58:31,553- Login: Korisnik sa emailom filip@mailinator.com je uspesno ulogovan!
21/Dec/2020 17:58:33,795- MyFilesAddFiles: My Files Page successfully opened
21/Dec/2020 17:58:52,085- MyFilesAddFiles: Media is uploaded
21/Dec/2020 17:58:52,119- MyFilesAddFiles: Trenutno na All files (32) prikazano je 18 fajlova
21/Dec/2020 17:59:08,256- MyFilesAddFiles: No more load files button
21/Dec/2020 17:59:08,300- MyFilesAddFiles: Trenutno na All files (32) prikazano je 32 fajlova
21/Dec/2020 17:59:09,421- MyFilesAddFiles: Trenutno na Image (23) prikazano je 18 fajlova
21/Dec/2020 17:59:10,516- MyFilesAddFiles: Trenutno na Music (9) prikazano je 9 fajlova
21/Dec/2020 17:59:10,541- MyFilesAddFiles: Trenutno zauzece prostora je: Storage: 34.25MB of 512MB used
21/Dec/2020 17:59:10,541- MyFilesAddFiles: *************************************************************************
21/Dec/2020 17:59:47,725- Login: Korisnik sa emailom filip@mailinator.com je uspesno ulogovan!
21/Dec/2020 17:59:49,985- MyFilesAddFiles: My Files Page successfully opened
21/Dec/2020 18:00:08,292- MyFilesAddFiles: Media is uploaded
21/Dec/2020 18:00:08,329- MyFilesAddFiles: Trenutno na All files (36) prikazano je 18 fajlova
21/Dec/2020 18:00:24,497- MyFilesAddFiles: No more load files button
21/Dec/2020 18:00:24,527- MyFilesAddFiles: Trenutno na All files (36) prikazano je 36 fajlova
21/Dec/2020 18:00:25,626- MyFilesAddFiles: Trenutno na Image (26) prikazano je 18 fajlova
21/Dec/2020 18:00:26,707- MyFilesAddFiles: Trenutno na Music (10) prikazano je 10 fajlova
21/Dec/2020 18:00:26,734- MyFilesAddFiles: Trenutno zauzece prostora je: Storage: 37.61MB of 512MB used
21/Dec/2020 18:00:26,735- MyFilesAddFiles: *************************************************************************
21/Dec/2020 18:01:46,163- Login: Korisnik sa emailom filip@mailinator.com je uspesno ulogovan!
21/Dec/2020 18:01:48,405- MyFilesAddFiles: My Files Page successfully opened
21/Dec/2020 18:02:00,897- MyFilesAddFiles: Media is uploaded
21/Dec/2020 18:05:03,893- Login: Korisnik sa emailom filip@mailinator.com je uspesno ulogovan!
21/Dec/2020 18:05:06,133- MyFilesAddFiles: My Files Page successfully opened
21/Dec/2020 18:05:30,458- MyFilesAddFiles: Media is uploaded
21/Dec/2020 18:05:30,497- MyFilesAddFiles: Trenutno na All files (46) prikazano je 18 fajlova
21/Dec/2020 18:05:37,615- MyFilesAddFiles: No more load files button
21/Dec/2020 18:06:31,780- Login: Korisnik sa emailom filip@mailinator.com je uspesno ulogovan!
21/Dec/2020 18:06:33,999- MyFilesAddFiles: My Files Page successfully opened
21/Dec/2020 18:08:15,985- Login: Korisnik sa emailom filip@mailinator.com je uspesno ulogovan!
21/Dec/2020 18:08:18,213- MyFilesAddFiles: My Files Page successfully opened
21/Dec/2020 18:09:22,973- Login: Korisnik sa emailom filip@mailinator.com je uspesno ulogovan!
21/Dec/2020 18:09:25,230- MyFilesAddFiles: My Files Page successfully opened
21/Dec/2020 18:09:45,436- MyFilesAddFiles: Upload is not passed
21/Dec/2020 18:09:45,476- MyFilesAddFiles: Trenutno na All files (32) prikazano je 18 fajlova
21/Dec/2020 18:10:01,628- MyFilesAddFiles: No more load files button
21/Dec/2020 18:10:01,667- MyFilesAddFiles: Trenutno na All files (32) prikazano je 32 fajlova
21/Dec/2020 18:10:38,008- Login: Korisnik sa emailom filip@mailinator.com je uspesno ulogovan!
21/Dec/2020 18:10:40,263- MyFilesAddFiles: My Files Page successfully opened
21/Dec/2020 18:11:02,656- MyFilesAddFiles: Media is uploaded
21/Dec/2020 18:11:02,699- MyFilesAddFiles: Trenutno na All files (36) prikazano je 18 fajlova
21/Dec/2020 18:11:18,864- MyFilesAddFiles: No more load files button
21/Dec/2020 18:11:18,908- MyFilesAddFiles: Trenutno na All files (36) prikazano je 36 fajlova
21/Dec/2020 18:11:20,002- MyFilesAddFiles: Trenutno na Image (26) prikazano je 18 fajlova
21/Dec/2020 18:11:21,120- MyFilesAddFiles: Trenutno na Music (10) prikazano je 10 fajlova
21/Dec/2020 18:11:21,144- MyFilesAddFiles: Trenutno zauzece prostora je: Storage: 37.57MB of 512MB used
21/Dec/2020 18:11:21,144- MyFilesAddFiles: *************************************************************************
21/Dec/2020 18:12:18,442- Login: Korisnik sa emailom filip@mailinator.com je uspesno ulogovan!
21/Dec/2020 18:12:20,666- MyFilesAddFiles: My Files Page successfully opened
21/Dec/2020 18:12:20,704- MyFilesAddFiles: Pre upload-a na All files (36) prikazano je 18 fajlova
21/Dec/2020 18:12:43,072- MyFilesAddFiles: Media is uploaded
21/Dec/2020 18:12:43,115- MyFilesAddFiles: Trenutno na All files (40) prikazano je 18 fajlova
21/Dec/2020 18:13:05,396- MyFilesAddFiles: No more load files button
21/Dec/2020 18:13:05,439- MyFilesAddFiles: Trenutno na All files (40) prikazano je 40 fajlova
21/Dec/2020 18:13:06,547- MyFilesAddFiles: Trenutno na Image (29) prikazano je 18 fajlova
21/Dec/2020 18:13:07,638- MyFilesAddFiles: Trenutno na Music (11) prikazano je 11 fajlova
21/Dec/2020 18:13:07,661- MyFilesAddFiles: Trenutno zauzece prostora je: Storage: 40.91MB of 512MB used
21/Dec/2020 18:13:07,661- MyFilesAddFiles: *************************************************************************
21/Dec/2020 18:13:40,873- Login: Korisnik sa emailom filip@mailinator.com je uspesno ulogovan!
21/Dec/2020 18:17:18,008- Login: Korisnik sa emailom filip@mailinator.com je uspesno ulogovan!
21/Dec/2020 18:18:20,411- Login: Korisnik sa emailom filip@mailinator.com je uspesno ulogovan!
21/Dec/2020 18:18:22,664- MyFilesAddFilesFromStock: My Files Page successfully opened
21/Dec/2020 18:18:22,685- MyFilesAddFilesFromStock: Pre stock upload-a ima 18 media
21/Dec/2020 18:18:43,991- MyFilesAddFilesFromStock: Media is uploaded
21/Dec/2020 18:18:47,064- MyFilesAddFilesFromStock: Nakon stock upload-a na All files (49)ima 18 media
21/Dec/2020 18:18:47,088- MyFilesAddFilesFromStock: Trenutno zauzece prostora je: Storage: 51.47MB of 512MB used
21/Dec/2020 18:18:47,088- MyFilesAddFilesFromStock: *************************************************************************
21/Dec/2020 18:20:27,057- Login: Korisnik sa emailom filip@mailinator.com je uspesno ulogovan!
21/Dec/2020 18:20:29,310- MyFilesSortFunctionalities: My Files Page successfully opened
21/Dec/2020 18:20:29,350- MyFilesSortFunctionalities: Redom su ispisana sortirana imena media 00591c143a8155ee67c2eb...
21/Dec/2020 18:20:29,372- MyFilesSortFunctionalities: Redom su ispisana sortirana imena media 1662c81260dce5b2824fe4...
21/Dec/2020 18:20:29,391- MyFilesSortFunctionalities: Redom su ispisana sortirana imena media 39cea28fed7991bab5d4e8...
21/Dec/2020 18:20:31,413- MyFilesSortFunctionalities: Redom su ispisana sortirana imena media 406332f0ddb07d3dbf0339...
21/Dec/2020 18:20:31,436- MyFilesSortFunctionalities: Redom su ispisana sortirana imena media 4dad031f29821cb1877133...
21/Dec/2020 18:20:31,455- MyFilesSortFunctionalities: Redom su ispisana sortirana imena media 57bb55a0b536b75048584d...
21/Dec/2020 18:20:31,474- MyFilesSortFunctionalities: Redom su ispisana sortirana imena media 667faee867b4c22896d448...
21/Dec/2020 18:20:31,494- MyFilesSortFunctionalities: Redom su ispisana sortirana imena media 67138502e04ca853e0f1ef...
21/Dec/2020 18:20:31,512- MyFilesSortFunctionalities: Redom su ispisana sortirana imena media 8384999aa060e849ffb9c4...
21/Dec/2020 18:20:31,531- MyFilesSortFunctionalities: Redom su ispisana sortirana imena media 8be1befb1bd0655de6e446...
21/Dec/2020 18:20:31,549- MyFilesSortFunctionalities: Redom su ispisana sortirana imena media 9867ffbfb9e5280ddbae0a...
21/Dec/2020 18:20:31,571- MyFilesSortFunctionalities: Redom su ispisana sortirana imena media 9bcbde3f14bed9327aa2da...
21/Dec/2020 18:20:31,592- MyFilesSortFunctionalities: Redom su ispisana sortirana imena media 9bdf963c755a20f5771f32...
21/Dec/2020 18:20:31,613- MyFilesSortFunctionalities: Redom su ispisana sortirana imena media 9fb6542276af35e75e6484...
21/Dec/2020 18:20:31,634- MyFilesSortFunctionalities: Redom su ispisana sortirana imena media a302ab68376e42d2b52868...
21/Dec/2020 18:20:31,654- MyFilesSortFunctionalities: Redom su ispisana sortirana imena media a49ceea311e0f73db2ec27...
21/Dec/2020 18:20:31,673- MyFilesSortFunctionalities: Redom su ispisana sortirana imena media ad1e96e3122cb290875973...
21/Dec/2020 18:20:31,691- MyFilesSortFunctionalities: Redom su ispisana sortirana imena media b5e4384a1e43bc4ed847f1...
21/Dec/2020 18:20:31,692- MyFilesSortFunctionalities: -----------------------------------------------------------------
21/Dec/2020 18:20:32,757- MyFilesSortFunctionalities: Redom su ispisana sortirana imena media po date-u pyp_default
21/Dec/2020 18:20:32,778- MyFilesSortFunctionalities: Redom su ispisana sortirana imena media po date-u 9fb6542276af35e75e6484...
21/Dec/2020 18:20:32,796- MyFilesSortFunctionalities: Redom su ispisana sortirana imena media po date-u 4dad031f29821cb1877133...
21/Dec/2020 18:20:32,815- MyFilesSortFunctionalities: Redom su ispisana sortirana imena media po date-u 39cea28fed7991bab5d4e8...
21/Dec/2020 18:20:32,834- MyFilesSortFunctionalities: Redom su ispisana sortirana imena media po date-u 1662c81260dce5b2824fe4...
21/Dec/2020 18:20:32,854- MyFilesSortFunctionalities: Redom su ispisana sortirana imena media po date-u b5e4384a1e43bc4ed847f1...
21/Dec/2020 18:20:32,872- MyFilesSortFunctionalities: Redom su ispisana sortirana imena media po date-u d7523b34025d59caa363b9...
21/Dec/2020 18:20:32,891- MyFilesSortFunctionalities: Redom su ispisana sortirana imena media po date-u d314026f57c2ae4843921f...
21/Dec/2020 18:20:32,910- MyFilesSortFunctionalities: Redom su ispisana sortirana imena media po date-u c3ca373c7b440010bdb263...
21/Dec/2020 18:20:32,928- MyFilesSortFunctionalities: Redom su ispisana sortirana imena media po date-u becc2e99282893e0f30b19...
21/Dec/2020 18:20:32,947- MyFilesSortFunctionalities: Redom su ispisana sortirana imena media po date-u cb9b4c4c118497026e8062...
21/Dec/2020 18:20:32,964- MyFilesSortFunctionalities: Redom su ispisana sortirana imena media po date-u 9867ffbfb9e5280ddbae0a...
21/Dec/2020 18:20:32,985- MyFilesSortFunctionalities: Redom su ispisana sortirana imena media po date-u 406332f0ddb07d3dbf0339...
21/Dec/2020 18:20:33,003- MyFilesSortFunctionalities: Redom su ispisana sortirana imena media po date-u a49ceea311e0f73db2ec27...
21/Dec/2020 18:20:33,021- MyFilesSortFunctionalities: Redom su ispisana sortirana imena media po date-u 57bb55a0b536b75048584d...
21/Dec/2020 18:20:33,043- MyFilesSortFunctionalities: Redom su ispisana sortirana imena media po date-u 8384999aa060e849ffb9c4...
21/Dec/2020 18:20:33,061- MyFilesSortFunctionalities: Redom su ispisana sortirana imena media po date-u 8be1befb1bd0655de6e446...
21/Dec/2020 18:20:33,080- MyFilesSortFunctionalities: Redom su ispisana sortirana imena media po date-u 667faee867b4c22896d448...
21/Dec/2020 18:20:33,080- MyFilesSortFunctionalities: -----------------------------------------------------------------
21/Dec/2020 18:20:34,830- MyFilesSortFunctionalities: Media pyp_default and size is  4.116 MB
21/Dec/2020 18:20:34,838- MyFilesSortFunctionalities: Media pyp_default and size is  3.847 MB
21/Dec/2020 18:20:34,847- MyFilesSortFunctionalities: Media 67138502e04ca853e0f1ef... and size is  3.319 MB
21/Dec/2020 18:20:34,858- MyFilesSortFunctionalities: Media 8384999aa060e849ffb9c4... and size is  3.319 MB
21/Dec/2020 18:20:34,869- MyFilesSortFunctionalities: Media a302ab68376e42d2b52868... and size is  3.319 MB
21/Dec/2020 18:20:34,880- MyFilesSortFunctionalities: Media 9867ffbfb9e5280ddbae0a... and size is  3.319 MB
21/Dec/2020 18:20:34,888- MyFilesSortFunctionalities: Media c3dcbc1762c3774ae64853... and size is  3.319 MB
21/Dec/2020 18:20:34,899- MyFilesSortFunctionalities: Media fbfb954fe83a31f024c00a... and size is  3.319 MB
21/Dec/2020 18:20:34,909- MyFilesSortFunctionalities: Media d7523b34025d59caa363b9... and size is  3.319 MB
21/Dec/2020 18:20:34,920- MyFilesSortFunctionalities: Media bd95ecf6407079f1146146... and size is  3.319 MB
21/Dec/2020 18:20:34,930- MyFilesSortFunctionalities: Media 1662c81260dce5b2824fe4... and size is  3.319 MB
21/Dec/2020 18:20:34,939- MyFilesSortFunctionalities: Media bbb.png and size is  3.319 MB
21/Dec/2020 18:20:34,948- MyFilesSortFunctionalities: Media d26594504fa302c2d32cc9... and size is  3.319 MB
21/Dec/2020 18:20:34,957- MyFilesSortFunctionalities: Media ef9fdc8054c8d5dc9792e2... and size is  3.319 MB
21/Dec/2020 18:20:34,967- MyFilesSortFunctionalities: Media bbb.png and size is  3.319 MB
21/Dec/2020 18:20:34,976- MyFilesSortFunctionalities: Media ad1e96e3122cb290875973... and size is  0.02 MB
21/Dec/2020 18:20:34,987- MyFilesSortFunctionalities: Media f111565ce6c005628cc84e... and size is  0.02 MB
21/Dec/2020 18:20:34,998- MyFilesSortFunctionalities: Media 667faee867b4c22896d448... and size is  0.02 MB
21/Dec/2020 18:20:35,008- MyFilesSortFunctionalities: ***********************************************************************
21/Dec/2020 18:26:53,237- Login: Korisnik sa emailom filip@mailinator.com je uspesno ulogovan!
21/Dec/2020 18:26:55,517- MyFilesSearchBar: My Files Page successfully opened
21/Dec/2020 18:26:55,534- MyFilesSearchBar: Pre search-a ima 18 media
21/Dec/2020 18:26:57,613- MyFilesSearchBar: Nakon unosa a prikazano je 18 media
21/Dec/2020 18:26:59,680- MyFilesSearchBar: Pre search-a ima 18 media
21/Dec/2020 18:27:10,514- MyFilesSearchBar: Nakon unosa abcd prikazano je 0 media
21/Dec/2020 18:27:10,565- MyFilesSearchBar: No result found
Try adjusting your search to find what you're looking for
21/Dec/2020 18:27:10,565- MyFilesSearchBar: **********************************************************************************
21/Dec/2020 18:28:47,118- Login: Korisnik sa emailom filip@mailinator.com je uspesno ulogovan!
21/Dec/2020 18:28:49,349- MyFilesFunctionalities: My Files Page successfully opened
21/Dec/2020 18:28:50,543- MyFilesFunctionalities: Media 00591c143a8155ee67c2ebc0a8b3b643.png je u view modu
21/Dec/2020 18:28:52,946- MyFilesFunctionalities: Media 00591c143a8155ee67c2ebc0a8b3b643.png je u view modu
21/Dec/2020 18:28:54,219- MyFilesFunctionalities: Media sa imenom 00591c143a8155ee67c2eb... je u rename modu
21/Dec/2020 18:28:56,422- MyFilesFunctionalities: Ime promenjenog media je aaa.png
21/Dec/2020 18:28:57,744- MyFilesFunctionalities: Ime promenjenog media je bbb.png
21/Dec/2020 18:30:13,561- Login: Korisnik sa emailom filip@mailinator.com je uspesno ulogovan!
21/Dec/2020 18:30:15,795- MyFilesFunctionalities: My Files Page successfully opened
21/Dec/2020 18:30:17,120- MyFilesFunctionalities: Media 1662c81260dce5b2824fe4d94b97adf7.mpeg je u view modu
21/Dec/2020 18:30:19,537- MyFilesFunctionalities: Media 1662c81260dce5b2824fe4d94b97adf7.mpeg je u view modu
21/Dec/2020 18:30:20,793- MyFilesFunctionalities: Media sa imenom 1662c81260dce5b2824fe4... je u rename modu
21/Dec/2020 18:30:22,990- MyFilesFunctionalities: Ime promenjenog media je aaa.png
21/Dec/2020 18:30:24,327- MyFilesFunctionalities: Ime promenjenog media je bbb.png
21/Dec/2020 18:31:00,905- Login: Korisnik sa emailom filip@mailinator.com je uspesno ulogovan!
21/Dec/2020 18:31:03,139- MyFilesDeleteFiles: My Files Page successfully opened
21/Dec/2020 18:31:03,153- MyFilesDeleteFiles: Pre brisanja ima 18 fajlova
21/Dec/2020 18:31:03,178- MyFilesDeleteFiles: All files (49)
21/Dec/2020 18:31:05,508- MyFilesDeleteFiles: Nakon brisanja fajla ima 18 fajlova na strani
21/Dec/2020 18:31:05,529- MyFilesDeleteFiles: All files (48)
21/Dec/2020 18:31:07,676- MyFilesDeleteFiles: My Files Page successfully opened
21/Dec/2020 18:31:07,688- MyFilesDeleteFiles: Pre brisanja ima 18 fajlova na strani
21/Dec/2020 18:31:07,706- MyFilesDeleteFiles: All files (48)
21/Dec/2020 18:32:28,163- Login: Korisnik sa emailom filip@mailinator.com je uspesno ulogovan!
21/Dec/2020 18:32:30,398- MyFilesDeleteFiles: My Files Page successfully opened
21/Dec/2020 18:32:30,411- MyFilesDeleteFiles: Pre brisanja ima 18 fajlova
21/Dec/2020 18:32:30,435- MyFilesDeleteFiles: All files (48)
21/Dec/2020 18:32:32,768- MyFilesDeleteFiles: Nakon brisanja fajla ima 18 fajlova na strani
21/Dec/2020 18:32:32,787- MyFilesDeleteFiles: All files (47)
21/Dec/2020 18:32:32,805- MyFilesDeleteFiles: My Files Page successfully opened
21/Dec/2020 18:32:32,814- MyFilesDeleteFiles: Pre brisanja ima 18 fajlova na strani
21/Dec/2020 18:32:32,829- MyFilesDeleteFiles: All files (47)
21/Dec/2020 18:32:37,157- MyFilesDeleteFiles: Nakon brisanja fajla ima 18 fajlova
21/Dec/2020 18:32:37,176- MyFilesDeleteFiles: All files (46)
21/Dec/2020 18:32:37,177- MyFilesDeleteFiles: ********************************************************************************
21/Dec/2020 18:33:14,148- Registration: SignUp Page successfully opened
21/Dec/2020 18:33:16,548- Registration: Korisnik Filip sa emailom zquhv@yopmail.com je uspesno registrovan!
21/Dec/2020 18:33:16,549- Registration: *********************************************************************************************
21/Dec/2020 18:33:34,327- RegistrationLinksCheck: SignUp Page successfully opened
21/Dec/2020 18:33:34,349- RegistrationLinksCheck: Total number of WebPage links present on webpage is 4
21/Dec/2020 18:33:34,362- RegistrationLinksCheck: Total number of Image links present on webpage is 3
21/Dec/2020 18:33:35,064- RegistrationLinksCheck: Connection Status for URL https://pyp.stage.ggstud.io/ is 200
21/Dec/2020 18:33:35,558- RegistrationLinksCheck: Connection Status for URL https://pyp.stage.ggstud.io/login is 200
21/Dec/2020 18:33:36,010- RegistrationLinksCheck: Connection Status for URL https://pyp.stage.ggstud.io/# is 200
21/Dec/2020 18:33:36,475- RegistrationLinksCheck: Connection Status for URL https://pyp.stage.ggstud.io/# is 200
21/Dec/2020 18:33:36,504- RegistrationLinksCheck: *********************************************************************************************
21/Dec/2020 18:33:48,691- RegistrationValidationChecks: SignUp Page successfully opened
21/Dec/2020 18:33:48,827- RegistrationValidationChecks: Name validation correct: Name can't be blank
21/Dec/2020 18:33:48,877- RegistrationValidationChecks: Email validation correct: Email address can’t be blank
21/Dec/2020 18:33:48,925- RegistrationValidationChecks: Password validation correct: Password can’t be blank
21/Dec/2020 18:33:48,966- RegistrationValidationChecks: Confirm password validation correct: Password can’t be blank
21/Dec/2020 18:33:49,439- RegistrationValidationChecks: Email validation correct: Email must be a valid email address.
21/Dec/2020 18:33:49,864- RegistrationValidationChecks: Password validation is correct Password must have at least 6 characters
21/Dec/2020 18:33:50,308- RegistrationValidationChecks: ConfirmPassword validation is correct: Password and confirmation password do not match
21/Dec/2020 18:33:51,273- RegistrationValidationChecks: Email validation is correct: The email has already been taken.
21/Dec/2020 18:33:51,274- RegistrationValidationChecks: *********************************************************************************************
21/Dec/2020 18:34:05,367- Login: Korisnik sa emailom filip@mailinator.com je uspesno ulogovan!
21/Dec/2020 18:34:05,720- TemplatesCategories: Before clicking on categories we have 2 displayed videos
21/Dec/2020 18:34:17,952- TemplatesCategories: After selecting option laboriosam we have 0 displayed videos
21/Dec/2020 18:34:30,097- TemplatesCategories: After selecting deleniti options we have 0 displayed videos
21/Dec/2020 18:34:32,173- TemplatesCategories: After clearing filter we have 2 displayed videos
21/Dec/2020 18:34:32,190- TemplatesCategories: Before clicking on categories we have 2 displayed videos
21/Dec/2020 18:34:44,375- TemplatesCategories: After selecting option deleniti we have 0 displayed videos
21/Dec/2020 18:34:44,398- TemplatesCategories: No result found
21/Dec/2020 18:34:46,427- TemplatesCategories: After clicking on clear filter button we have 2 displayed videos
21/Dec/2020 18:34:46,428- TemplatesCategories: *********************************************************************************************
21/Dec/2020 18:35:35,363- Login: Korisnik sa emailom filip@mailinator.com je uspesno ulogovan!
21/Dec/2020 18:35:35,716- TemplatesCategories: Before clicking on categories we have 2 displayed videos
21/Dec/2020 18:35:37,869- TemplatesCategories: After selecting option laboriosam we have 2 displayed videos
21/Dec/2020 18:35:39,949- TemplatesCategories: After selecting qui options we have 2 displayed videos
21/Dec/2020 18:35:42,012- TemplatesCategories: After clearing filter we have 2 displayed videos
21/Dec/2020 18:35:42,024- TemplatesCategories: Before clicking on categories we have 2 displayed videos
21/Dec/2020 18:35:54,194- TemplatesCategories: After selecting option deleniti we have 0 displayed videos
21/Dec/2020 18:35:54,219- TemplatesCategories: No result found
21/Dec/2020 18:35:56,254- TemplatesCategories: After clicking on clear filter button we have 2 displayed videos
21/Dec/2020 18:35:56,254- TemplatesCategories: *********************************************************************************************
21/Dec/2020 18:36:12,464- Login: Korisnik sa emailom filip@mailinator.com je uspesno ulogovan!
21/Dec/2020 18:36:13,778- TemplatesDurationFilter: Before clicking on duration filter we have 2 displayed videos
21/Dec/2020 18:36:17,963- TemplatesDurationFilter: No results after selecting first option 'Short <15s' 
21/Dec/2020 18:36:31,262- TemplatesDurationFilter: After clicking Medium 15-30s option 2 videos are displayed
21/Dec/2020 18:36:34,477- TemplatesDurationFilter: No results after selecting third option 'Long >30s' 
21/Dec/2020 18:36:34,577- TemplatesDurationFilter: *********************************************************************
21/Dec/2020 18:36:36,171- TemplatesNumberOfPhotosFilter: Before clicking on number of photos filter we have 2 displayed videos
21/Dec/2020 18:36:50,516- TemplatesNumberOfPhotosFilter: After clicking <10 option 2 videos are displayed
21/Dec/2020 18:36:53,700- TemplatesNumberOfPhotosFilter: No results after selecting second option '10-20' 
21/Dec/2020 18:36:56,885- TemplatesNumberOfPhotosFilter: No results after selecting third option '>20' 
21/Dec/2020 18:36:56,983- TemplatesNumberOfPhotosFilter: *********************************************************************
21/Dec/2020 18:36:58,668- TemplatesMoodFilter: Before clicking on mood filter we have 2 displayed videos
21/Dec/2020 18:37:02,911- TemplatesMoodFilter: No results after selecting mood option possimus
21/Dec/2020 18:37:16,187- TemplatesMoodFilter: After clicking deleniti option 1 videos are displayed
21/Dec/2020 18:37:29,422- TemplatesMoodFilter: After clicking ut option 1 videos are displayed
21/Dec/2020 18:37:29,504- TemplatesMoodFilter: *********************************************************************
21/Dec/2020 18:37:31,238- TemplatesSpeedsFilter: Before clicking on speeds filter we have 2 displayed videos
21/Dec/2020 18:37:45,522- TemplatesSpeedsFilter: After clicking Fast option 1 videos are displayed
21/Dec/2020 18:37:58,760- TemplatesSpeedsFilter: After clicking Normal option 1 videos are displayed
21/Dec/2020 18:38:11,971- TemplatesSpeedsFilter: After clicking Slow option 1 videos are displayed
21/Dec/2020 18:38:12,032- TemplatesSpeedsFilter: *********************************************************************
21/Dec/2020 18:38:13,742- TemplatesRandomAllFilters: Before clicking on duration filter we have 2 displayed videos
21/Dec/2020 18:38:15,898- TemplatesRandomAllFilters: Short (<15s) opcija je izabrana
21/Dec/2020 18:38:16,012- TemplatesRandomAllFilters: 10-20 opcija je izabrana
21/Dec/2020 18:38:16,124- TemplatesRandomAllFilters: rem opcija je izabrana
21/Dec/2020 18:38:16,238- TemplatesRandomAllFilters: Slow opcija je izabrana
21/Dec/2020 18:38:17,009- TemplatesRandomAllFilters: No results after selecting this filters
21/Dec/2020 18:38:17,009- TemplatesRandomAllFilters: ******************************************************************************************
21/Dec/2020 18:38:50,481- Login: Korisnik sa emailom filip@mailinator.com je uspesno ulogovan!
21/Dec/2020 18:38:50,862- TemplatesSearchBar: After search by word logo number of presented videos are: 2
21/Dec/2020 18:38:50,886- TemplatesSearchBar: 2 results for logo
21/Dec/2020 18:38:51,650- TemplatesSearchBar: No result found after search logo123
21/Dec/2020 18:38:51,650- TemplatesSearchBar: *********************************************************************************************
21/Dec/2020 18:39:39,911- Login: Korisnik sa emailom filip@mailinator.com je uspesno ulogovan!
21/Dec/2020 18:39:40,371- TemplatesVideoFormat: Video is in format 16:9 with Height: 158 and Width: 317
21/Dec/2020 18:39:42,498- TemplatesVideoFormat: Video is in format 1:1 with Height: 178 and Width: 317
21/Dec/2020 18:39:42,498- TemplatesVideoFormat: Video format is not correct!
21/Dec/2020 18:39:44,621- TemplatesVideoFormat: Video is in format 9:16 with Height: 129 and Width: 229
21/Dec/2020 18:39:44,621- TemplatesVideoFormat: Video changed format to 9:16 successfully
21/Dec/2020 18:39:44,621- TemplatesVideoFormat: *********************************************************************************************
